<?xml version="1.0" encoding="UTF-8"?>
<robot generator="Robot 6.1 (Python 3.11.4 on win32)" generated="20230820 19:36:20.749" rpa="false" schemaversion="4">
<suite id="s1" name="Robotframework Scoutpanel" source="C:\Users\karoz\OneDrive\Dokumenty\GitHub\robotframework_scoutpanel">
<suite id="s1-s1" name="Test Login Rf" source="C:\Users\karoz\OneDrive\Dokumenty\GitHub\robotframework_scoutpanel\test_login_rf.robot">
<test id="s1-s1-t1" name="Add new player" line="120">
<kw name="Open login page">
<kw name="Open Browser" library="SeleniumLibrary">
<arg>${LOGIN URL}</arg>
<arg>${BROWSER}</arg>
<doc>Opens a new browser instance to the optional ``url``.</doc>
<msg timestamp="20230820 19:36:21.206" level="INFO">Opening browser 'Chrome' to base url 'https://scouts-test.futbolkolektyw.pl/en'.</msg>
<status status="PASS" starttime="20230820 19:36:21.205" endtime="20230820 19:36:23.093"/>
</kw>
<kw name="Title Should Be" library="SeleniumLibrary">
<arg>Scouts panel - sign in</arg>
<doc>Verifies that the current page title equals ``title``.</doc>
<msg timestamp="20230820 19:36:23.107" level="INFO">Page title is 'Scouts panel - sign in'.</msg>
<status status="PASS" starttime="20230820 19:36:23.094" endtime="20230820 19:36:23.107"/>
</kw>
<status status="PASS" starttime="20230820 19:36:21.205" endtime="20230820 19:36:23.107"/>
</kw>
<kw name="Type in email">
<kw name="Input Text" library="SeleniumLibrary">
<arg>${EMAILINPUT}</arg>
<arg>user07@getnada.com</arg>
<doc>Types the given ``text`` into the text field identified by ``locator``.</doc>
<msg timestamp="20230820 19:36:23.109" level="INFO">Typing text 'user07@getnada.com' into text field 'xpath=//*[@id='login']'.</msg>
<status status="PASS" starttime="20230820 19:36:23.108" endtime="20230820 19:36:23.422"/>
</kw>
<status status="PASS" starttime="20230820 19:36:23.108" endtime="20230820 19:36:23.422"/>
</kw>
<kw name="Type in password">
<kw name="Input Text" library="SeleniumLibrary">
<arg>${PASSWORDINPUT}</arg>
<arg>Test-1234</arg>
<doc>Types the given ``text`` into the text field identified by ``locator``.</doc>
<msg timestamp="20230820 19:36:23.424" level="INFO">Typing text 'Test-1234' into text field 'xpath=//*[@id='password']'.</msg>
<status status="PASS" starttime="20230820 19:36:23.423" endtime="20230820 19:36:23.642"/>
</kw>
<status status="PASS" starttime="20230820 19:36:23.423" endtime="20230820 19:36:23.642"/>
</kw>
<kw name="Click on the Sign in button">
<kw name="Click Element" library="SeleniumLibrary">
<arg>${SIGNINBUTTON}</arg>
<doc>Click the element identified by ``locator``.</doc>
<msg timestamp="20230820 19:36:23.644" level="INFO">Clicking element 'xpath=//*[text()='Sign in']'.</msg>
<status status="PASS" starttime="20230820 19:36:23.643" endtime="20230820 19:36:23.755"/>
</kw>
<status status="PASS" starttime="20230820 19:36:23.643" endtime="20230820 19:36:23.755"/>
</kw>
<kw name="Assert dashboard">
<kw name="Wait Until Element Is Visible" library="SeleniumLibrary">
<arg>${DEVTEAMCONTACT}</arg>
<doc>Waits until the element ``locator`` is visible.</doc>
<status status="PASS" starttime="20230820 19:36:23.756" endtime="20230820 19:36:26.206"/>
</kw>
<kw name="Title Should Be" library="SeleniumLibrary">
<arg>Scouts panel</arg>
<doc>Verifies that the current page title equals ``title``.</doc>
<msg timestamp="20230820 19:36:26.221" level="INFO">Page title is 'Scouts panel'.</msg>
<status status="PASS" starttime="20230820 19:36:26.207" endtime="20230820 19:36:26.221"/>
</kw>
<kw name="Capture Page Screenshot" library="SeleniumLibrary">
<arg>screenshots/alert.png</arg>
<doc>Takes a screenshot of the current page and embeds it into a log file.</doc>
<msg timestamp="20230820 19:36:26.529" level="INFO" html="true">&lt;/td&gt;&lt;/tr&gt;&lt;tr&gt;&lt;td colspan="3"&gt;&lt;a href="screenshots/alert.png"&gt;&lt;img src="screenshots/alert.png" width="800px"&gt;&lt;/a&gt;</msg>
<status status="PASS" starttime="20230820 19:36:26.221" endtime="20230820 19:36:26.530"/>
</kw>
<status status="PASS" starttime="20230820 19:36:23.756" endtime="20230820 19:36:26.530"/>
</kw>
<kw name="Click on the Add player button">
<kw name="Wait Until Element Is Visible" library="SeleniumLibrary">
<arg>${MAINPAGELINK}</arg>
<doc>Waits until the element ``locator`` is visible.</doc>
<status status="PASS" starttime="20230820 19:36:26.532" endtime="20230820 19:36:26.594"/>
</kw>
<kw name="Click Element" library="SeleniumLibrary">
<arg>${ADDPLAYERBUTTON}</arg>
<doc>Click the element identified by ``locator``.</doc>
<msg timestamp="20230820 19:36:26.595" level="INFO">Clicking element 'xpath=//a[contains(@href,'add')]'.</msg>
<status status="PASS" starttime="20230820 19:36:26.594" endtime="20230820 19:36:26.704"/>
</kw>
<status status="PASS" starttime="20230820 19:36:26.531" endtime="20230820 19:36:26.704"/>
</kw>
<kw name="Type in player email">
<kw name="Wait Until Element Is Visible" library="SeleniumLibrary">
<arg>${EDITPLAYERTITLE}</arg>
<doc>Waits until the element ``locator`` is visible.</doc>
<status status="PASS" starttime="20230820 19:36:26.706" endtime="20230820 19:36:26.961"/>
</kw>
<kw name="Input Text" library="SeleniumLibrary">
<arg>${PLAYERSEMAIL}</arg>
<arg>abc@gmail.com</arg>
<doc>Types the given ``text`` into the text field identified by ``locator``.</doc>
<msg timestamp="20230820 19:36:26.963" level="INFO">Typing text 'abc@gmail.com' into text field 'xpath=//input[@name='email']'.</msg>
<status status="PASS" starttime="20230820 19:36:26.962" endtime="20230820 19:36:27.259"/>
</kw>
<status status="PASS" starttime="20230820 19:36:26.705" endtime="20230820 19:36:27.259"/>
</kw>
<kw name="Type in name">
<kw name="Input Text" library="SeleniumLibrary">
<arg>${NAME}</arg>
<arg>Test</arg>
<doc>Types the given ``text`` into the text field identified by ``locator``.</doc>
<msg timestamp="20230820 19:36:27.262" level="INFO">Typing text 'Test' into text field 'xpath=//input[@name='name']'.</msg>
<status status="PASS" starttime="20230820 19:36:27.261" endtime="20230820 19:36:27.510"/>
</kw>
<status status="PASS" starttime="20230820 19:36:27.260" endtime="20230820 19:36:27.510"/>
</kw>
<kw name="Type in surname">
<kw name="Input Text" library="SeleniumLibrary">
<arg>${SURNAME}</arg>
<arg>Testowski</arg>
<doc>Types the given ``text`` into the text field identified by ``locator``.</doc>
<msg timestamp="20230820 19:36:27.513" level="INFO">Typing text 'Testowski' into text field 'xpath=//input[@name='surname']'.</msg>
<status status="PASS" starttime="20230820 19:36:27.512" endtime="20230820 19:36:27.761"/>
</kw>
<status status="PASS" starttime="20230820 19:36:27.511" endtime="20230820 19:36:27.761"/>
</kw>
<kw name="Type in phone">
<kw name="Input Text" library="SeleniumLibrary">
<arg>${PHONE}</arg>
<arg>500900200</arg>
<doc>Types the given ``text`` into the text field identified by ``locator``.</doc>
<msg timestamp="20230820 19:36:27.764" level="INFO">Typing text '500900200' into text field 'xpath=//input[@name='phone']'.</msg>
<status status="PASS" starttime="20230820 19:36:27.763" endtime="20230820 19:36:28.003"/>
</kw>
<status status="PASS" starttime="20230820 19:36:27.762" endtime="20230820 19:36:28.003"/>
</kw>
<kw name="Type in weight">
<kw name="Input Text" library="SeleniumLibrary">
<arg>${WEIGHT}</arg>
<arg>70</arg>
<doc>Types the given ``text`` into the text field identified by ``locator``.</doc>
<msg timestamp="20230820 19:36:28.005" level="INFO">Typing text '70' into text field 'xpath=//input[@name='weight']'.</msg>
<status status="PASS" starttime="20230820 19:36:28.004" endtime="20230820 19:36:28.184"/>
</kw>
<status status="PASS" starttime="20230820 19:36:28.004" endtime="20230820 19:36:28.184"/>
</kw>
<kw name="Type in height">
<kw name="Input Text" library="SeleniumLibrary">
<arg>${HEIGHT}</arg>
<arg>170</arg>
<doc>Types the given ``text`` into the text field identified by ``locator``.</doc>
<msg timestamp="20230820 19:36:28.185" level="INFO">Typing text '170' into text field 'xpath=//input[@name='height']'.</msg>
<status status="PASS" starttime="20230820 19:36:28.185" endtime="20230820 19:36:28.354"/>
</kw>
<status status="PASS" starttime="20230820 19:36:28.184" endtime="20230820 19:36:28.354"/>
</kw>
<kw name="Type in age">
<kw name="Input Text" library="SeleniumLibrary">
<arg>${AGE}</arg>
<arg>01/01/1990</arg>
<doc>Types the given ``text`` into the text field identified by ``locator``.</doc>
<msg timestamp="20230820 19:36:28.356" level="INFO">Typing text '01/01/1990' into text field 'xpath=//input[@name='age']'.</msg>
<status status="PASS" starttime="20230820 19:36:28.355" endtime="20230820 19:36:28.576"/>
</kw>
<status status="PASS" starttime="20230820 19:36:28.355" endtime="20230820 19:36:28.576"/>
</kw>
<kw name="Type in club">
<kw name="Input Text" library="SeleniumLibrary">
<arg>${CLUB}</arg>
<arg>Legia</arg>
<doc>Types the given ``text`` into the text field identified by ``locator``.</doc>
<msg timestamp="20230820 19:36:28.579" level="INFO">Typing text 'Legia' into text field 'xpath=//input[@name='club']'.</msg>
<status status="PASS" starttime="20230820 19:36:28.578" endtime="20230820 19:36:28.810"/>
</kw>
<status status="PASS" starttime="20230820 19:36:28.577" endtime="20230820 19:36:28.810"/>
</kw>
<kw name="Type in level">
<kw name="Input Text" library="SeleniumLibrary">
<arg>${LEVEL}</arg>
<arg>łatwy</arg>
<doc>Types the given ``text`` into the text field identified by ``locator``.</doc>
<msg timestamp="20230820 19:36:28.813" level="INFO">Typing text 'łatwy' into text field 'xpath=//input[@name='level']'.</msg>
<status status="PASS" starttime="20230820 19:36:28.812" endtime="20230820 19:36:28.994"/>
</kw>
<status status="PASS" starttime="20230820 19:36:28.811" endtime="20230820 19:36:28.994"/>
</kw>
<kw name="Type in main position">
<kw name="Input Text" library="SeleniumLibrary">
<arg>${MAINPOSITION}</arg>
<arg>Bramkarz</arg>
<doc>Types the given ``text`` into the text field identified by ``locator``.</doc>
<msg timestamp="20230820 19:36:28.996" level="INFO">Typing text 'Bramkarz' into text field 'xpath=//input[@name='mainPosition']'.</msg>
<status status="PASS" starttime="20230820 19:36:28.994" endtime="20230820 19:36:29.229"/>
</kw>
<status status="PASS" starttime="20230820 19:36:28.994" endtime="20230820 19:36:29.229"/>
</kw>
<kw name="Type in second position">
<kw name="Input Text" library="SeleniumLibrary">
<arg>${SECONDPOSITION}</arg>
<arg>Obrońca</arg>
<doc>Types the given ``text`` into the text field identified by ``locator``.</doc>
<msg timestamp="20230820 19:36:29.232" level="INFO">Typing text 'Obrońca' into text field 'xpath=//input[@name='secondPosition']'.</msg>
<status status="PASS" starttime="20230820 19:36:29.231" endtime="20230820 19:36:29.478"/>
</kw>
<status status="PASS" starttime="20230820 19:36:29.230" endtime="20230820 19:36:29.478"/>
</kw>
<kw name="Type in achievements">
<kw name="Input Text" library="SeleniumLibrary">
<arg>${ACHIEVEMENTS}</arg>
<arg>yes</arg>
<doc>Types the given ``text`` into the text field identified by ``locator``.</doc>
<msg timestamp="20230820 19:36:29.480" level="INFO">Typing text 'yes' into text field 'xpath=//input[@name='achievements']'.</msg>
<status status="PASS" starttime="20230820 19:36:29.479" endtime="20230820 19:36:29.658"/>
</kw>
<status status="PASS" starttime="20230820 19:36:29.479" endtime="20230820 19:36:29.659"/>
</kw>
<kw name="Type in laczy nas pilka">
<kw name="Input Text" library="SeleniumLibrary">
<arg>${LACZYNASPILKA}</arg>
<arg>yes</arg>
<doc>Types the given ``text`` into the text field identified by ``locator``.</doc>
<msg timestamp="20230820 19:36:29.661" level="INFO">Typing text 'yes' into text field 'xpath=//input[@name='webLaczy']'.</msg>
<status status="PASS" starttime="20230820 19:36:29.660" endtime="20230820 19:36:29.870"/>
</kw>
<status status="PASS" starttime="20230820 19:36:29.659" endtime="20230820 19:36:29.870"/>
</kw>
<kw name="Type in ninety minutes">
<kw name="Input Text" library="SeleniumLibrary">
<arg>${NINETYMINUTES}</arg>
<arg>yes</arg>
<doc>Types the given ``text`` into the text field identified by ``locator``.</doc>
<msg timestamp="20230820 19:36:29.873" level="INFO">Typing text 'yes' into text field 'xpath=//input[@name='web90']'.</msg>
<status status="PASS" starttime="20230820 19:36:29.871" endtime="20230820 19:36:30.091"/>
</kw>
<status status="PASS" starttime="20230820 19:36:29.871" endtime="20230820 19:36:30.092"/>
</kw>
<kw name="Type in facebook">
<kw name="Input Text" library="SeleniumLibrary">
<arg>${FACEBOOK}</arg>
<arg>yes</arg>
<doc>Types the given ``text`` into the text field identified by ``locator``.</doc>
<msg timestamp="20230820 19:36:30.094" level="INFO">Typing text 'yes' into text field 'xpath=//input[@name='webFB']'.</msg>
<status status="PASS" starttime="20230820 19:36:30.093" endtime="20230820 19:36:30.307"/>
</kw>
<status status="PASS" starttime="20230820 19:36:30.092" endtime="20230820 19:36:30.307"/>
</kw>
<kw name="Click add or edit player submit button">
<kw name="Click Element" library="SeleniumLibrary">
<arg>${PLAYERSUBMITBUTTON}</arg>
<doc>Click the element identified by ``locator``.</doc>
<msg timestamp="20230820 19:36:30.309" level="INFO">Clicking element 'xpath=//*[@type='submit']'.</msg>
<status status="PASS" starttime="20230820 19:36:30.309" endtime="20230820 19:36:30.452"/>
</kw>
<status status="PASS" starttime="20230820 19:36:30.308" endtime="20230820 19:36:30.452"/>
</kw>
<kw name="Close Browser" library="SeleniumLibrary" type="TEARDOWN">
<doc>Closes the current browser.</doc>
<status status="PASS" starttime="20230820 19:36:30.453" endtime="20230820 19:36:32.718"/>
</kw>
<status status="PASS" starttime="20230820 19:36:21.204" endtime="20230820 19:36:32.720"/>
</test>
<doc>Suite description #automated tests for scout website</doc>
<status status="PASS" starttime="20230820 19:36:20.797" endtime="20230820 19:36:32.722"/>
</suite>
<status status="PASS" starttime="20230820 19:36:20.753" endtime="20230820 19:36:32.727"/>
</suite>
<statistics>
<total>
<stat pass="1" fail="0" skip="0">All Tests</stat>
</total>
<tag>
</tag>
<suite>
<stat pass="1" fail="0" skip="0" id="s1" name="Robotframework Scoutpanel">Robotframework Scoutpanel</stat>
<stat pass="1" fail="0" skip="0" id="s1-s1" name="Test Login Rf">Robotframework Scoutpanel.Test Login Rf</stat>
</suite>
</statistics>
<errors>
</errors>
</robot>
