<?xml version="1.0" encoding="UTF-8"?>
<robot generator="Robot 6.1 (Python 3.11.4 on win32)" generated="20230802 18:17:50.820" rpa="false" schemaversion="4">
<suite id="s1" name="Robotframework Scoutpanel" source="C:\Users\karoz\OneDrive\Dokumenty\GitHub\robotframework_scoutpanel">
<suite id="s1-s1" name="Test Login Rf" source="C:\Users\karoz\OneDrive\Dokumenty\GitHub\robotframework_scoutpanel\test_login_rf.robot">
<test id="s1-s1-t1" name="Add new player" line="41">
<kw name="Open login page">
<kw name="Open Browser" library="SeleniumLibrary">
<arg>${LOGIN URL}</arg>
<arg>${BROWSER}</arg>
<doc>Opens a new browser instance to the optional ``url``.</doc>
<msg timestamp="20230802 18:17:51.048" level="INFO">Opening browser 'Chrome' to base url 'https://scouts-test.futbolkolektyw.pl/en'.</msg>
<status status="PASS" starttime="20230802 18:17:51.048" endtime="20230802 18:17:52.615"/>
</kw>
<kw name="Title Should Be" library="SeleniumLibrary">
<arg>Scouts panel - sign in</arg>
<doc>Verifies that the current page title equals ``title``.</doc>
<msg timestamp="20230802 18:17:52.621" level="INFO">Page title is 'Scouts panel - sign in'.</msg>
<status status="PASS" starttime="20230802 18:17:52.615" endtime="20230802 18:17:52.621"/>
</kw>
<status status="PASS" starttime="20230802 18:17:51.048" endtime="20230802 18:17:52.622"/>
</kw>
<kw name="Type in email">
<kw name="Input Text" library="SeleniumLibrary">
<arg>${EMAILINPUT}</arg>
<arg>user07@getnada.com</arg>
<doc>Types the given ``text`` into the text field identified by ``locator``.</doc>
<msg timestamp="20230802 18:17:52.624" level="INFO">Typing text 'user07@getnada.com' into text field 'xpath=//*[@id='login']'.</msg>
<status status="PASS" starttime="20230802 18:17:52.622" endtime="20230802 18:17:52.882"/>
</kw>
<status status="PASS" starttime="20230802 18:17:52.622" endtime="20230802 18:17:52.882"/>
</kw>
<kw name="Type in password">
<kw name="Input Text" library="SeleniumLibrary">
<arg>${PASSWORDINPUT}</arg>
<arg>Test-1234</arg>
<doc>Types the given ``text`` into the text field identified by ``locator``.</doc>
<msg timestamp="20230802 18:17:52.884" level="INFO">Typing text 'Test-1234' into text field 'xpath=//*[@id='password']'.</msg>
<status status="PASS" starttime="20230802 18:17:52.882" endtime="20230802 18:17:53.040"/>
</kw>
<status status="PASS" starttime="20230802 18:17:52.882" endtime="20230802 18:17:53.040"/>
</kw>
<kw name="Click on the Sign in button">
<kw name="Click Element" library="SeleniumLibrary">
<arg>${SIGNINBUTTON}</arg>
<doc>Click the element identified by ``locator``.</doc>
<msg timestamp="20230802 18:17:53.042" level="INFO">Clicking element 'xpath=//*[text()='Sign in']'.</msg>
<status status="PASS" starttime="20230802 18:17:53.041" endtime="20230802 18:17:53.114"/>
</kw>
<status status="PASS" starttime="20230802 18:17:53.040" endtime="20230802 18:17:53.114"/>
</kw>
<kw name="Click on the Add player button">
<kw name="Wait Until Element Is Visible" library="SeleniumLibrary">
<arg>${MAINPAGELINK}</arg>
<doc>Waits until the element ``locator`` is visible.</doc>
<status status="PASS" starttime="20230802 18:17:53.114" endtime="20230802 18:17:55.243"/>
</kw>
<kw name="Click Element" library="SeleniumLibrary">
<arg>${ADDPLAYERBUTTON}</arg>
<doc>Click the element identified by ``locator``.</doc>
<msg timestamp="20230802 18:17:55.244" level="INFO">Clicking element 'xpath=//a[contains(@href,'add')]'.</msg>
<status status="PASS" starttime="20230802 18:17:55.243" endtime="20230802 18:17:55.288"/>
</kw>
<status status="PASS" starttime="20230802 18:17:53.114" endtime="20230802 18:17:55.288"/>
</kw>
<kw name="Type in name">
<kw name="Wait Until Element Is Visible" library="SeleniumLibrary">
<arg>${EDITPLAYERTITLE}</arg>
<doc>Waits until the element ``locator`` is visible.</doc>
<status status="PASS" starttime="20230802 18:17:55.290" endtime="20230802 18:17:55.385"/>
</kw>
<kw name="Input Text" library="SeleniumLibrary">
<arg>${NAME}</arg>
<arg>Test</arg>
<doc>Types the given ``text`` into the text field identified by ``locator``.</doc>
<msg timestamp="20230802 18:17:55.385" level="INFO">Typing text 'Test' into text field 'xpath=//input[@name='name']'.</msg>
<status status="PASS" starttime="20230802 18:17:55.385" endtime="20230802 18:17:55.481"/>
</kw>
<status status="PASS" starttime="20230802 18:17:55.289" endtime="20230802 18:17:55.481"/>
</kw>
<kw name="Type in surname">
<kw name="Input Text" library="SeleniumLibrary">
<arg>${SURNAME}</arg>
<arg>Testowski</arg>
<doc>Types the given ``text`` into the text field identified by ``locator``.</doc>
<msg timestamp="20230802 18:17:55.482" level="INFO">Typing text 'Testowski' into text field 'xpath=//input[@name='surname']'.</msg>
<status status="PASS" starttime="20230802 18:17:55.481" endtime="20230802 18:17:55.585"/>
</kw>
<status status="PASS" starttime="20230802 18:17:55.481" endtime="20230802 18:17:55.586"/>
</kw>
<kw name="Type in age">
<kw name="Input Text" library="SeleniumLibrary">
<arg>${AGE}</arg>
<arg>01/01/1990</arg>
<doc>Types the given ``text`` into the text field identified by ``locator``.</doc>
<msg timestamp="20230802 18:17:55.586" level="INFO">Typing text '01/01/1990' into text field 'xpath=//input[@name='age']'.</msg>
<status status="PASS" starttime="20230802 18:17:55.586" endtime="20230802 18:17:55.686"/>
</kw>
<status status="PASS" starttime="20230802 18:17:55.586" endtime="20230802 18:17:55.686"/>
</kw>
<kw name="Type in main position">
<kw name="Input Text" library="SeleniumLibrary">
<arg>${MAINPOSITION}</arg>
<arg>Bramkarz</arg>
<doc>Types the given ``text`` into the text field identified by ``locator``.</doc>
<msg timestamp="20230802 18:17:55.687" level="INFO">Typing text 'Bramkarz' into text field 'xpath=//input[@name='mainPosition']'.</msg>
<status status="PASS" starttime="20230802 18:17:55.686" endtime="20230802 18:17:55.799"/>
</kw>
<status status="PASS" starttime="20230802 18:17:55.686" endtime="20230802 18:17:55.799"/>
</kw>
<kw name="Click on the Submit button">
<kw name="Click Element" library="SeleniumLibrary">
<arg>xpath=//*[@type='submit']</arg>
<doc>Click the element identified by ``locator``.</doc>
<msg timestamp="20230802 18:17:55.800" level="INFO">Clicking element 'xpath=//*[@type='submit']'.</msg>
<status status="PASS" starttime="20230802 18:17:55.800" endtime="20230802 18:17:55.869"/>
</kw>
<status status="PASS" starttime="20230802 18:17:55.800" endtime="20230802 18:17:55.869"/>
</kw>
<kw name="Assert edit player page">
<kw name="Wait Until Element Is Visible" library="SeleniumLibrary">
<arg>${ELEMENTASSERTEDIT}</arg>
<doc>Waits until the element ``locator`` is visible.</doc>
<status status="PASS" starttime="20230802 18:17:55.871" endtime="20230802 18:17:56.329"/>
</kw>
<kw name="Element Should Contain" library="SeleniumLibrary">
<arg>${EDITPLAYERTITLE}</arg>
<arg>Edit player</arg>
<doc>Verifies that element ``locator`` contains text ``expected``.</doc>
<msg timestamp="20230802 18:17:56.353" level="INFO">Element 'xpath=//form//*[contains(@class, 'h5')]' contains text 'Edit player'.</msg>
<status status="PASS" starttime="20230802 18:17:56.330" endtime="20230802 18:17:56.353"/>
</kw>
<kw name="Capture Page Screenshot" library="SeleniumLibrary">
<arg>screenshots/player-added.png</arg>
<doc>Takes a screenshot of the current page and embeds it into a log file.</doc>
<msg timestamp="20230802 18:17:56.474" level="INFO" html="true">&lt;/td&gt;&lt;/tr&gt;&lt;tr&gt;&lt;td colspan="3"&gt;&lt;a href="screenshots/player-added.png"&gt;&lt;img src="screenshots/player-added.png" width="800px"&gt;&lt;/a&gt;</msg>
<status status="PASS" starttime="20230802 18:17:56.353" endtime="20230802 18:17:56.474"/>
</kw>
<status status="PASS" starttime="20230802 18:17:55.871" endtime="20230802 18:17:56.474"/>
</kw>
<kw name="Close Browser" library="SeleniumLibrary" type="TEARDOWN">
<doc>Closes the current browser.</doc>
<status status="PASS" starttime="20230802 18:17:56.475" endtime="20230802 18:17:58.607"/>
</kw>
<status status="PASS" starttime="20230802 18:17:51.047" endtime="20230802 18:17:58.608"/>
</test>
<doc>Suite description #automated tests for scout website</doc>
<status status="PASS" starttime="20230802 18:17:50.844" endtime="20230802 18:17:58.609"/>
</suite>
<status status="PASS" starttime="20230802 18:17:50.821" endtime="20230802 18:17:58.611"/>
</suite>
<statistics>
<total>
<stat pass="1" fail="0" skip="0">All Tests</stat>
</total>
<tag>
</tag>
<suite>
<stat pass="1" fail="0" skip="0" id="s1" name="Robotframework Scoutpanel">Robotframework Scoutpanel</stat>
<stat pass="1" fail="0" skip="0" id="s1-s1" name="Test Login Rf">Robotframework Scoutpanel.Test Login Rf</stat>
</suite>
</statistics>
<errors>
</errors>
</robot>
